Determining if the pthread_create exist failed with the following output:
Change Dir: /home/leon/Us-Go-Repository/ros_workspace/build/CMakeFiles/CMakeTmp

Run Build Command:"/usr/bin/make" "cmTC_929ee/fast"
/usr/bin/make -f CMakeFiles/cmTC_929ee.dir/build.make CMakeFiles/cmTC_929ee.dir/build
make[1]: se entra en el directorio '/home/leon/Us-Go-Repository/ros_workspace/build/CMakeFiles/CMakeTmp'
Building C object CMakeFiles/cmTC_929ee.dir/CheckSymbolExists.c.o
/usr/bin/cc    -o CMakeFiles/cmTC_929ee.dir/CheckSymbolExists.c.o   -c /home/leon/Us-Go-Repository/ros_workspace/build/CMakeFiles/CMakeTmp/CheckSymbolExists.c
Linking C executable cmTC_929ee
/usr/bin/cmake -E cmake_link_script CMakeFiles/cmTC_929ee.dir/link.txt --verbose=1
/usr/bin/cc      -rdynamic CMakeFiles/cmTC_929ee.dir/CheckSymbolExists.c.o  -o cmTC_929ee 
CMakeFiles/cmTC_929ee.dir/CheckSymbolExists.c.o: En la función `main':
CheckSymbolExists.c:(.text+0x1b): referencia a `pthread_create' sin definir
collect2: error: ld returned 1 exit status
CMakeFiles/cmTC_929ee.dir/build.make:97: fallo en las instrucciones para el objetivo 'cmTC_929ee'
make[1]: *** [cmTC_929ee] Error 1
make[1]: se sale del directorio '/home/leon/Us-Go-Repository/ros_workspace/build/CMakeFiles/CMakeTmp'
Makefile:126: fallo en las instrucciones para el objetivo 'cmTC_929ee/fast'
make: *** [cmTC_929ee/fast] Error 2

File /home/leon/Us-Go-Repository/ros_workspace/build/CMakeFiles/CMakeTmp/CheckSymbolExists.c:
/* */
#include <pthread.h>

int main(int argc, char** argv)
{
  (void)argv;
#ifndef pthread_create
  return ((int*)(&pthread_create))[argc];
#else
  (void)argc;
  return 0;
#endif
}

Determining if the function pthread_create exists in the pthreads failed with the following output:
Change Dir: /home/leon/Us-Go-Repository/ros_workspace/build/CMakeFiles/CMakeTmp

Run Build Command:"/usr/bin/make" "cmTC_2b3a2/fast"
/usr/bin/make -f CMakeFiles/cmTC_2b3a2.dir/build.make CMakeFiles/cmTC_2b3a2.dir/build
make[1]: se entra en el directorio '/home/leon/Us-Go-Repository/ros_workspace/build/CMakeFiles/CMakeTmp'
Building C object CMakeFiles/cmTC_2b3a2.dir/CheckFunctionExists.c.o
/usr/bin/cc   -DCHECK_FUNCTION_EXISTS=pthread_create   -o CMakeFiles/cmTC_2b3a2.dir/CheckFunctionExists.c.o   -c /usr/share/cmake-3.10/Modules/CheckFunctionExists.c
Linking C executable cmTC_2b3a2
/usr/bin/cmake -E cmake_link_script CMakeFiles/cmTC_2b3a2.dir/link.txt --verbose=1
/usr/bin/cc  -DCHECK_FUNCTION_EXISTS=pthread_create    -rdynamic CMakeFiles/cmTC_2b3a2.dir/CheckFunctionExists.c.o  -o cmTC_2b3a2 -lpthreads 
/usr/bin/ld: no se puede encontrar -lpthreads
collect2: error: ld returned 1 exit status
CMakeFiles/cmTC_2b3a2.dir/build.make:97: fallo en las instrucciones para el objetivo 'cmTC_2b3a2'
make[1]: *** [cmTC_2b3a2] Error 1
make[1]: se sale del directorio '/home/leon/Us-Go-Repository/ros_workspace/build/CMakeFiles/CMakeTmp'
Makefile:126: fallo en las instrucciones para el objetivo 'cmTC_2b3a2/fast'
make: *** [cmTC_2b3a2/fast] Error 2


